<?xml version="1.0" encoding="UTF-8"?>
<!-- Generated by org.testng.reporters.JUnitReportReporter -->
<testsuite skipped="0" hostname="PC" name="TestNG.NewTest4" tests="1" failures="0" timestamp="19 Apr 2019 16:46:28 GMT" time="15.557" errors="0">
  <testcase name="verifytitle" time="15.557" classname="TestNG.NewTest4"/>
</testsuite> <!-- TestNG.NewTest4 -->
